<?xml version="1.0" encoding="UTF-8"?>
<testsuite name="com.inventory.InventoryAppApplicationTests" time="0" tests="1" errors="0" skipped="1" failures="0">
  <properties>
[...]
</properties>
  <testcase name="contextLoads" classname="com.inventory.InventoryAppApplicationTests" time="0">
    <skipped/>
    <system-out><![CDATA[16:22:33.228 [main] DEBUG org.springframework.test.context.junit4.SpringJUnit4ClassRunner - SpringJUnit4ClassRunner constructor called with [class com.inventory.InventoryAppApplicationTests]
16:22:33.237 [main] DEBUG org.springframework.test.context.BootstrapUtils - Instantiating CacheAwareContextLoaderDelegate from class [org.springframework.test.context.cache.DefaultCacheAwareContextLoaderDelegate]
16:22:33.245 [main] DEBUG org.springframework.test.context.BootstrapUtils - Instantiating BootstrapContext using constructor [public org.springframework.test.context.support.DefaultBootstrapContext(java.lang.Class,org.springframework.test.context.CacheAwareContextLoaderDelegate)]
16:22:33.266 [main] DEBUG org.springframework.test.context.BootstrapUtils - Instantiating TestContextBootstrapper for test class [com.inventory.InventoryAppApplicationTests] from class [org.springframework.test.context.web.WebTestContextBootstrapper]
16:22:33.296 [main] DEBUG org.springframework.test.context.web.WebTestContextBootstrapper - Found explicit ContextLoader class [org.springframework.boot.test.SpringApplicationContextLoader] for context configuration attributes [ContextConfigurationAttributes@77cd7a0 declaringClass = 'com.inventory.InventoryAppApplicationTests', classes = '{class com.inventory.InventoryAppApplication}', locations = '{}', inheritLocations = true, initializers = '{}', inheritInitializers = true, name = [null], contextLoaderClass = 'org.springframework.boot.test.SpringApplicationContextLoader']
16:22:33.311 [main] DEBUG org.springframework.test.context.support.AbstractContextLoader - Did not detect default resource location for test class [com.inventory.InventoryAppApplicationTests]: class path resource [com/inventory/InventoryAppApplicationTests-context.xml] does not exist
16:22:33.312 [main] DEBUG org.springframework.test.context.support.AbstractContextLoader - Did not detect default resource location for test class [com.inventory.InventoryAppApplicationTests]: class path resource [com/inventory/InventoryAppApplicationTestsContext.groovy] does not exist
16:22:33.312 [main] INFO org.springframework.test.context.support.AbstractContextLoader - Could not detect default resource locations for test class [com.inventory.InventoryAppApplicationTests]: no resource found for suffixes {-context.xml, Context.groovy}.
16:22:33.317 [main] DEBUG org.springframework.test.context.support.ActiveProfilesUtils - Could not find an 'annotation declaring class' for annotation type [org.springframework.test.context.ActiveProfiles] and class [com.inventory.InventoryAppApplicationTests]
16:22:33.323 [main] DEBUG org.springframework.test.context.web.WebTestContextBootstrapper - @TestExecutionListeners is not present for class [com.inventory.InventoryAppApplicationTests]: using defaults.
16:22:33.334 [main] INFO org.springframework.test.context.web.WebTestContextBootstrapper - Loaded default TestExecutionListener class names from location [META-INF/spring.factories]: [org.springframework.test.context.web.ServletTestExecutionListener, org.springframework.test.context.support.DirtiesContextBeforeModesTestExecutionListener, org.springframework.test.context.support.DependencyInjectionTestExecutionListener, org.springframework.test.context.support.DirtiesContextTestExecutionListener, org.springframework.test.context.transaction.TransactionalTestExecutionListener, org.springframework.test.context.jdbc.SqlScriptsTestExecutionListener]
16:22:33.355 [main] INFO org.springframework.test.context.web.WebTestContextBootstrapper - Using TestExecutionListeners: [org.springframework.test.context.web.ServletTestExecutionListener@7c29daf3, org.springframework.test.context.support.DirtiesContextBeforeModesTestExecutionListener@9660f4e, org.springframework.test.context.support.DependencyInjectionTestExecutionListener@5a8806ef, org.springframework.test.context.support.DirtiesContextTestExecutionListener@6c49835d, org.springframework.test.context.transaction.TransactionalTestExecutionListener@5e853265, org.springframework.test.context.jdbc.SqlScriptsTestExecutionListener@67205a84]
16:22:33.358 [main] DEBUG org.springframework.test.annotation.ProfileValueUtils - Retrieved @ProfileValueSourceConfiguration [null] for test class [com.inventory.InventoryAppApplicationTests]
16:22:33.359 [main] DEBUG org.springframework.test.annotation.ProfileValueUtils - Retrieved ProfileValueSource type [class org.springframework.test.annotation.SystemProfileValueSource] for class [com.inventory.InventoryAppApplicationTests]
16:22:33.362 [main] DEBUG org.springframework.test.context.junit4.SpringJUnit4ClassRunner - SpringJUnit4ClassRunner constructor called with [class com.inventory.InventoryAppApplicationTests]
16:22:33.362 [main] DEBUG org.springframework.test.context.BootstrapUtils - Instantiating CacheAwareContextLoaderDelegate from class [org.springframework.test.context.cache.DefaultCacheAwareContextLoaderDelegate]
16:22:33.363 [main] DEBUG org.springframework.test.context.BootstrapUtils - Instantiating BootstrapContext using constructor [public org.springframework.test.context.support.DefaultBootstrapContext(java.lang.Class,org.springframework.test.context.CacheAwareContextLoaderDelegate)]
16:22:33.364 [main] DEBUG org.springframework.test.context.BootstrapUtils - Instantiating TestContextBootstrapper for test class [com.inventory.InventoryAppApplicationTests] from class [org.springframework.test.context.web.WebTestContextBootstrapper]
16:22:33.367 [main] DEBUG org.springframework.test.context.web.WebTestContextBootstrapper - Found explicit ContextLoader class [org.springframework.boot.test.SpringApplicationContextLoader] for context configuration attributes [ContextConfigurationAttributes@4e7dc304 declaringClass = 'com.inventory.InventoryAppApplicationTests', classes = '{class com.inventory.InventoryAppApplication}', locations = '{}', inheritLocations = true, initializers = '{}', inheritInitializers = true, name = [null], contextLoaderClass = 'org.springframework.boot.test.SpringApplicationContextLoader']
16:22:33.369 [main] DEBUG org.springframework.test.context.support.AbstractContextLoader - Did not detect default resource location for test class [com.inventory.InventoryAppApplicationTests]: class path resource [com/inventory/InventoryAppApplicationTests-context.xml] does not exist
16:22:33.369 [main] DEBUG org.springframework.test.context.support.AbstractContextLoader - Did not detect default resource location for test class [com.inventory.InventoryAppApplicationTests]: class path resource [com/inventory/InventoryAppApplicationTestsContext.groovy] does not exist
16:22:33.370 [main] INFO org.springframework.test.context.support.AbstractContextLoader - Could not detect default resource locations for test class [com.inventory.InventoryAppApplicationTests]: no resource found for suffixes {-context.xml, Context.groovy}.
16:22:33.370 [main] DEBUG org.springframework.test.context.support.ActiveProfilesUtils - Could not find an 'annotation declaring class' for annotation type [org.springframework.test.context.ActiveProfiles] and class [com.inventory.InventoryAppApplicationTests]
16:22:33.371 [main] DEBUG org.springframework.test.context.web.WebTestContextBootstrapper - @TestExecutionListeners is not present for class [com.inventory.InventoryAppApplicationTests]: using defaults.
16:22:33.377 [main] INFO org.springframework.test.context.web.WebTestContextBootstrapper - Loaded default TestExecutionListener class names from location [META-INF/spring.factories]: [org.springframework.test.context.web.ServletTestExecutionListener, org.springframework.test.context.support.DirtiesContextBeforeModesTestExecutionListener, org.springframework.test.context.support.DependencyInjectionTestExecutionListener, org.springframework.test.context.support.DirtiesContextTestExecutionListener, org.springframework.test.context.transaction.TransactionalTestExecutionListener, org.springframework.test.context.jdbc.SqlScriptsTestExecutionListener]
16:22:33.378 [main] INFO org.springframework.test.context.web.WebTestContextBootstrapper - Using TestExecutionListeners: [org.springframework.test.context.web.ServletTestExecutionListener@1786dec2, org.springframework.test.context.support.DirtiesContextBeforeModesTestExecutionListener@74650e52, org.springframework.test.context.support.DependencyInjectionTestExecutionListener@15d0c81b, org.springframework.test.context.support.DirtiesContextTestExecutionListener@6acdbdf5, org.springframework.test.context.transaction.TransactionalTestExecutionListener@4b1c1ea0, org.springframework.test.context.jdbc.SqlScriptsTestExecutionListener@17579e0f]
16:22:33.379 [main] DEBUG org.springframework.test.annotation.ProfileValueUtils - Retrieved @ProfileValueSourceConfiguration [null] for test class [com.inventory.InventoryAppApplicationTests]
16:22:33.379 [main] DEBUG org.springframework.test.annotation.ProfileValueUtils - Retrieved ProfileValueSource type [class org.springframework.test.annotation.SystemProfileValueSource] for class [com.inventory.InventoryAppApplicationTests]
16:22:33.381 [main] DEBUG org.springframework.test.annotation.ProfileValueUtils - Retrieved @ProfileValueSourceConfiguration [null] for test class [com.inventory.InventoryAppApplicationTests]
16:22:33.382 [main] DEBUG org.springframework.test.annotation.ProfileValueUtils - Retrieved ProfileValueSource type [class org.springframework.test.annotation.SystemProfileValueSource] for class [com.inventory.InventoryAppApplicationTests]
]]></system-out>
  </testcase>
</testsuite>