<?xml version="1.0" encoding="UTF-8"?>
<testsuite name="com.inventory.InventoryAppApplicationTests" time="0.002" tests="1" errors="1" skipped="0" failures="0">
  <properties>
[...]
</properties>
  <testcase name="contextLoads" classname="com.inventory.InventoryAppApplicationTests" time="0.002">
    <error message="Failed to load ApplicationContext" type="java.lang.IllegalStateException"><![CDATA[java.lang.IllegalStateException: Failed to load ApplicationContext
	at org.springframework.test.context.cache.DefaultCacheAwareContextLoaderDelegate.loadContext(DefaultCacheAwareContextLoaderDelegate.java:124)
	at org.springframework.test.context.support.DefaultTestContext.getApplicationContext(DefaultTestContext.java:83)
	at org.springframework.test.context.web.ServletTestExecutionListener.setUpRequestContextIfNecessary(ServletTestExecutionListener.java:183)
	at org.springframework.test.context.web.ServletTestExecutionListener.prepareTestInstance(ServletTestExecutionListener.java:123)
	at org.springframework.test.context.TestContextManager.prepareTestInstance(TestContextManager.java:228)
	at org.springframework.test.context.junit4.SpringJUnit4ClassRunner.createTest(SpringJUnit4ClassRunner.java:230)
	at org.springframework.test.context.junit4.SpringJUnit4ClassRunner$1.runReflectiveCall(SpringJUnit4ClassRunner.java:289)
	at org.junit.internal.runners.model.ReflectiveCallable.run(ReflectiveCallable.java:12)
	at org.springframework.test.context.junit4.SpringJUnit4ClassRunner.methodBlock(SpringJUnit4ClassRunner.java:291)
	at org.springframework.test.context.junit4.SpringJUnit4ClassRunner.runChild(SpringJUnit4ClassRunner.java:249)
	at org.springframework.test.context.junit4.SpringJUnit4ClassRunner.runChild(SpringJUnit4ClassRunner.java:89)
	at org.junit.runners.ParentRunner$3.run(ParentRunner.java:290)
	at org.junit.runners.ParentRunner$1.schedule(ParentRunner.java:71)
	at org.junit.runners.ParentRunner.runChildren(ParentRunner.java:288)
	at org.junit.runners.ParentRunner.access$000(ParentRunner.java:58)
	at org.junit.runners.ParentRunner$2.evaluate(ParentRunner.java:268)
	at org.springframework.test.context.junit4.statements.RunBeforeTestClassCallbacks.evaluate(RunBeforeTestClassCallbacks.java:61)
	at org.springframework.test.context.junit4.statements.RunAfterTestClassCallbacks.evaluate(RunAfterTestClassCallbacks.java:70)
	at org.junit.runners.ParentRunner.run(ParentRunner.java:363)
	at org.springframework.test.context.junit4.SpringJUnit4ClassRunner.run(SpringJUnit4ClassRunner.java:193)
	at org.apache.maven.surefire.junit4.JUnit4Provider.execute(JUnit4Provider.java:283)
	at org.apache.maven.surefire.junit4.JUnit4Provider.executeWithRerun(JUnit4Provider.java:173)
	at org.apache.maven.surefire.junit4.JUnit4Provider.executeTestSet(JUnit4Provider.java:153)
	at org.apache.maven.surefire.junit4.JUnit4Provider.invoke(JUnit4Provider.java:128)
	at org.apache.maven.surefire.booter.ForkedBooter.invokeProviderInSameClassLoader(ForkedBooter.java:203)
	at org.apache.maven.surefire.booter.ForkedBooter.runSuitesInProcess(ForkedBooter.java:155)
	at org.apache.maven.surefire.booter.ForkedBooter.main(ForkedBooter.java:103)
Caused by: org.springframework.context.ApplicationContextException: Failed to start bean 'topicCreator'; nested exception is org.I0Itec.zkclient.exception.ZkTimeoutException: Unable to connect to zookeeper server within timeout: 10000
	at org.springframework.context.support.DefaultLifecycleProcessor.doStart(DefaultLifecycleProcessor.java:176)
	at org.springframework.context.support.DefaultLifecycleProcessor.access$200(DefaultLifecycleProcessor.java:51)
	at org.springframework.context.support.DefaultLifecycleProcessor$LifecycleGroup.start(DefaultLifecycleProcessor.java:346)
	at org.springframework.context.support.DefaultLifecycleProcessor.startBeans(DefaultLifecycleProcessor.java:149)
	at org.springframework.context.support.DefaultLifecycleProcessor.onRefresh(DefaultLifecycleProcessor.java:112)
	at org.springframework.context.support.AbstractApplicationContext.finishRefresh(AbstractApplicationContext.java:852)
	at org.springframework.context.support.AbstractApplicationContext.refresh(AbstractApplicationContext.java:541)
	at org.springframework.boot.SpringApplication.refresh(SpringApplication.java:766)
	at org.springframework.boot.SpringApplication.createAndRefreshContext(SpringApplication.java:361)
	at org.springframework.boot.SpringApplication.run(SpringApplication.java:307)
	at org.springframework.boot.test.SpringApplicationContextLoader.loadContext(SpringApplicationContextLoader.java:98)
	at org.springframework.test.context.cache.DefaultCacheAwareContextLoaderDelegate.loadContextInternal(DefaultCacheAwareContextLoaderDelegate.java:98)
	at org.springframework.test.context.cache.DefaultCacheAwareContextLoaderDelegate.loadContext(DefaultCacheAwareContextLoaderDelegate.java:116)
	at org.springframework.test.context.support.DefaultTestContext.getApplicationContext(DefaultTestContext.java:83)
	at org.springframework.test.context.web.ServletTestExecutionListener.setUpRequestContextIfNecessary(ServletTestExecutionListener.java:183)
	at org.springframework.test.context.web.ServletTestExecutionListener.prepareTestInstance(ServletTestExecutionListener.java:123)
	at org.springframework.test.context.TestContextManager.prepareTestInstance(TestContextManager.java:228)
	at org.springframework.test.context.junit4.SpringJUnit4ClassRunner.createTest(SpringJUnit4ClassRunner.java:230)
	at org.springframework.test.context.junit4.SpringJUnit4ClassRunner$1.runReflectiveCall(SpringJUnit4ClassRunner.java:289)
	at org.junit.internal.runners.model.ReflectiveCallable.run(ReflectiveCallable.java:12)
	at org.springframework.test.context.junit4.SpringJUnit4ClassRunner.methodBlock(SpringJUnit4ClassRunner.java:291)
	at org.springframework.test.context.junit4.SpringJUnit4ClassRunner.runChild(SpringJUnit4ClassRunner.java:249)
	at org.springframework.test.context.junit4.SpringJUnit4ClassRunner.runChild(SpringJUnit4ClassRunner.java:89)
	at org.junit.runners.ParentRunner$3.run(ParentRunner.java:290)
	at org.junit.runners.ParentRunner$1.schedule(ParentRunner.java:71)
	at org.junit.runners.ParentRunner.runChildren(ParentRunner.java:288)
	at org.junit.runners.ParentRunner.access$000(ParentRunner.java:58)
	at org.junit.runners.ParentRunner$2.evaluate(ParentRunner.java:268)
	at org.springframework.test.context.junit4.statements.RunBeforeTestClassCallbacks.evaluate(RunBeforeTestClassCallbacks.java:61)
	at org.springframework.test.context.junit4.statements.RunAfterTestClassCallbacks.evaluate(RunAfterTestClassCallbacks.java:70)
	at org.junit.runners.ParentRunner.run(ParentRunner.java:363)
	at org.springframework.test.context.junit4.SpringJUnit4ClassRunner.run(SpringJUnit4ClassRunner.java:193)
	at org.apache.maven.surefire.junit4.JUnit4Provider.execute(JUnit4Provider.java:283)
	at org.apache.maven.surefire.junit4.JUnit4Provider.executeWithRerun(JUnit4Provider.java:173)
	at org.apache.maven.surefire.junit4.JUnit4Provider.executeTestSet(JUnit4Provider.java:153)
	at org.apache.maven.surefire.junit4.JUnit4Provider.invoke(JUnit4Provider.java:128)
	at org.apache.maven.surefire.booter.ForkedBooter.invokeProviderInSameClassLoader(ForkedBooter.java:203)
	at org.apache.maven.surefire.booter.ForkedBooter.runSuitesInProcess(ForkedBooter.java:155)
	at org.apache.maven.surefire.booter.ForkedBooter.main(ForkedBooter.java:103)
Caused by: org.I0Itec.zkclient.exception.ZkTimeoutException: Unable to connect to zookeeper server within timeout: 10000
	at org.I0Itec.zkclient.ZkClient.connect(ZkClient.java:880)
	at org.I0Itec.zkclient.ZkClient.<init>(ZkClient.java:98)
	at org.I0Itec.zkclient.ZkClient.<init>(ZkClient.java:84)
	at org.springframework.integration.kafka.util.TopicUtils.ensureTopicCreated(TopicUtils.java:79)
	at com.inventory.kafka.config.TopicCreator.start(TopicCreator.java:24)
	at org.springframework.context.support.DefaultLifecycleProcessor.doStart(DefaultLifecycleProcessor.java:173)
	at org.springframework.context.support.DefaultLifecycleProcessor.access$200(DefaultLifecycleProcessor.java:51)
	at org.springframework.context.support.DefaultLifecycleProcessor$LifecycleGroup.start(DefaultLifecycleProcessor.java:346)
	at org.springframework.context.support.DefaultLifecycleProcessor.startBeans(DefaultLifecycleProcessor.java:149)
	at org.springframework.context.support.DefaultLifecycleProcessor.onRefresh(DefaultLifecycleProcessor.java:112)
	at org.springframework.context.support.AbstractApplicationContext.finishRefresh(AbstractApplicationContext.java:852)
	at org.springframework.context.support.AbstractApplicationContext.refresh(AbstractApplicationContext.java:541)
	at org.springframework.boot.SpringApplication.refresh(SpringApplication.java:766)
	at org.springframework.boot.SpringApplication.createAndRefreshContext(SpringApplication.java:361)
	at org.springframework.boot.SpringApplication.run(SpringApplication.java:307)
	at org.springframework.boot.test.SpringApplicationContextLoader.loadContext(SpringApplicationContextLoader.java:98)
	at org.springframework.test.context.cache.DefaultCacheAwareContextLoaderDelegate.loadContextInternal(DefaultCacheAwareContextLoaderDelegate.java:98)
	at org.springframework.test.context.cache.DefaultCacheAwareContextLoaderDelegate.loadContext(DefaultCacheAwareContextLoaderDelegate.java:116)
	at org.springframework.test.context.support.DefaultTestContext.getApplicationContext(DefaultTestContext.java:83)
	at org.springframework.test.context.web.ServletTestExecutionListener.setUpRequestContextIfNecessary(ServletTestExecutionListener.java:183)
	at org.springframework.test.context.web.ServletTestExecutionListener.prepareTestInstance(ServletTestExecutionListener.java:123)
	at org.springframework.test.context.TestContextManager.prepareTestInstance(TestContextManager.java:228)
	at org.springframework.test.context.junit4.SpringJUnit4ClassRunner.createTest(SpringJUnit4ClassRunner.java:230)
	at org.springframework.test.context.junit4.SpringJUnit4ClassRunner$1.runReflectiveCall(SpringJUnit4ClassRunner.java:289)
	at org.junit.internal.runners.model.ReflectiveCallable.run(ReflectiveCallable.java:12)
	at org.springframework.test.context.junit4.SpringJUnit4ClassRunner.methodBlock(SpringJUnit4ClassRunner.java:291)
	at org.springframework.test.context.junit4.SpringJUnit4ClassRunner.runChild(SpringJUnit4ClassRunner.java:249)
	at org.springframework.test.context.junit4.SpringJUnit4ClassRunner.runChild(SpringJUnit4ClassRunner.java:89)
	at org.junit.runners.ParentRunner$3.run(ParentRunner.java:290)
	at org.junit.runners.ParentRunner$1.schedule(ParentRunner.java:71)
	at org.junit.runners.ParentRunner.runChildren(ParentRunner.java:288)
	at org.junit.runners.ParentRunner.access$000(ParentRunner.java:58)
	at org.junit.runners.ParentRunner$2.evaluate(ParentRunner.java:268)
	at org.springframework.test.context.junit4.statements.RunBeforeTestClassCallbacks.evaluate(RunBeforeTestClassCallbacks.java:61)
	at org.springframework.test.context.junit4.statements.RunAfterTestClassCallbacks.evaluate(RunAfterTestClassCallbacks.java:70)
	at org.junit.runners.ParentRunner.run(ParentRunner.java:363)
	at org.springframework.test.context.junit4.SpringJUnit4ClassRunner.run(SpringJUnit4ClassRunner.java:193)
	at org.apache.maven.surefire.junit4.JUnit4Provider.execute(JUnit4Provider.java:283)
	at org.apache.maven.surefire.junit4.JUnit4Provider.executeWithRerun(JUnit4Provider.java:173)
	at org.apache.maven.surefire.junit4.JUnit4Provider.executeTestSet(JUnit4Provider.java:153)
	at org.apache.maven.surefire.junit4.JUnit4Provider.invoke(JUnit4Provider.java:128)
	at org.apache.maven.surefire.booter.ForkedBooter.invokeProviderInSameClassLoader(ForkedBooter.java:203)
	at org.apache.maven.surefire.booter.ForkedBooter.runSuitesInProcess(ForkedBooter.java:155)
	at org.apache.maven.surefire.booter.ForkedBooter.main(ForkedBooter.java:103)
]]></error>
    <system-out><![CDATA[16:58:05.966 [main] DEBUG org.springframework.test.context.junit4.SpringJUnit4ClassRunner - SpringJUnit4ClassRunner constructor called with [class com.inventory.InventoryAppApplicationTests]
16:58:05.972 [main] DEBUG org.springframework.test.context.BootstrapUtils - Instantiating CacheAwareContextLoaderDelegate from class [org.springframework.test.context.cache.DefaultCacheAwareContextLoaderDelegate]
16:58:05.977 [main] DEBUG org.springframework.test.context.BootstrapUtils - Instantiating BootstrapContext using constructor [public org.springframework.test.context.support.DefaultBootstrapContext(java.lang.Class,org.springframework.test.context.CacheAwareContextLoaderDelegate)]
16:58:05.992 [main] DEBUG org.springframework.test.context.BootstrapUtils - Instantiating TestContextBootstrapper for test class [com.inventory.InventoryAppApplicationTests] from class [org.springframework.test.context.web.WebTestContextBootstrapper]
16:58:06.015 [main] DEBUG org.springframework.test.context.web.WebTestContextBootstrapper - Found explicit ContextLoader class [org.springframework.boot.test.SpringApplicationContextLoader] for context configuration attributes [ContextConfigurationAttributes@1e88b3c declaringClass = 'com.inventory.InventoryAppApplicationTests', classes = '{class com.inventory.InventoryAppApplication}', locations = '{}', inheritLocations = true, initializers = '{}', inheritInitializers = true, name = [null], contextLoaderClass = 'org.springframework.boot.test.SpringApplicationContextLoader']
16:58:06.027 [main] DEBUG org.springframework.test.context.support.AbstractContextLoader - Did not detect default resource location for test class [com.inventory.InventoryAppApplicationTests]: class path resource [com/inventory/InventoryAppApplicationTests-context.xml] does not exist
16:58:06.028 [main] DEBUG org.springframework.test.context.support.AbstractContextLoader - Did not detect default resource location for test class [com.inventory.InventoryAppApplicationTests]: class path resource [com/inventory/InventoryAppApplicationTestsContext.groovy] does not exist
16:58:06.028 [main] INFO org.springframework.test.context.support.AbstractContextLoader - Could not detect default resource locations for test class [com.inventory.InventoryAppApplicationTests]: no resource found for suffixes {-context.xml, Context.groovy}.
16:58:06.031 [main] DEBUG org.springframework.test.context.support.ActiveProfilesUtils - Could not find an 'annotation declaring class' for annotation type [org.springframework.test.context.ActiveProfiles] and class [com.inventory.InventoryAppApplicationTests]
16:58:06.037 [main] DEBUG org.springframework.test.context.web.WebTestContextBootstrapper - @TestExecutionListeners is not present for class [com.inventory.InventoryAppApplicationTests]: using defaults.
16:58:06.046 [main] INFO org.springframework.test.context.web.WebTestContextBootstrapper - Loaded default TestExecutionListener class names from location [META-INF/spring.factories]: [org.springframework.test.context.web.ServletTestExecutionListener, org.springframework.test.context.support.DirtiesContextBeforeModesTestExecutionListener, org.springframework.test.context.support.DependencyInjectionTestExecutionListener, org.springframework.test.context.support.DirtiesContextTestExecutionListener, org.springframework.test.context.transaction.TransactionalTestExecutionListener, org.springframework.test.context.jdbc.SqlScriptsTestExecutionListener]
16:58:06.065 [main] INFO org.springframework.test.context.web.WebTestContextBootstrapper - Using TestExecutionListeners: [org.springframework.test.context.web.ServletTestExecutionListener@35d176f7, org.springframework.test.context.support.DirtiesContextBeforeModesTestExecutionListener@1dfe2924, org.springframework.test.context.support.DependencyInjectionTestExecutionListener@6ebc05a6, org.springframework.test.context.support.DirtiesContextTestExecutionListener@6e6c3152, org.springframework.test.context.transaction.TransactionalTestExecutionListener@50b494a6, org.springframework.test.context.jdbc.SqlScriptsTestExecutionListener@3cef309d]
16:58:06.069 [main] DEBUG org.springframework.test.annotation.ProfileValueUtils - Retrieved @ProfileValueSourceConfiguration [null] for test class [com.inventory.InventoryAppApplicationTests]
16:58:06.069 [main] DEBUG org.springframework.test.annotation.ProfileValueUtils - Retrieved ProfileValueSource type [class org.springframework.test.annotation.SystemProfileValueSource] for class [com.inventory.InventoryAppApplicationTests]
16:58:06.073 [main] DEBUG org.springframework.test.context.junit4.SpringJUnit4ClassRunner - SpringJUnit4ClassRunner constructor called with [class com.inventory.InventoryAppApplicationTests]
16:58:06.073 [main] DEBUG org.springframework.test.context.BootstrapUtils - Instantiating CacheAwareContextLoaderDelegate from class [org.springframework.test.context.cache.DefaultCacheAwareContextLoaderDelegate]
16:58:06.073 [main] DEBUG org.springframework.test.context.BootstrapUtils - Instantiating BootstrapContext using constructor [public org.springframework.test.context.support.DefaultBootstrapContext(java.lang.Class,org.springframework.test.context.CacheAwareContextLoaderDelegate)]
16:58:06.074 [main] DEBUG org.springframework.test.context.BootstrapUtils - Instantiating TestContextBootstrapper for test class [com.inventory.InventoryAppApplicationTests] from class [org.springframework.test.context.web.WebTestContextBootstrapper]
16:58:06.077 [main] DEBUG org.springframework.test.context.web.WebTestContextBootstrapper - Found explicit ContextLoader class [org.springframework.boot.test.SpringApplicationContextLoader] for context configuration attributes [ContextConfigurationAttributes@4bbfb90a declaringClass = 'com.inventory.InventoryAppApplicationTests', classes = '{class com.inventory.InventoryAppApplication}', locations = '{}', inheritLocations = true, initializers = '{}', inheritInitializers = true, name = [null], contextLoaderClass = 'org.springframework.boot.test.SpringApplicationContextLoader']
16:58:06.078 [main] DEBUG org.springframework.test.context.support.AbstractContextLoader - Did not detect default resource location for test class [com.inventory.InventoryAppApplicationTests]: class path resource [com/inventory/InventoryAppApplicationTests-context.xml] does not exist
16:58:06.079 [main] DEBUG org.springframework.test.context.support.AbstractContextLoader - Did not detect default resource location for test class [com.inventory.InventoryAppApplicationTests]: class path resource [com/inventory/InventoryAppApplicationTestsContext.groovy] does not exist
16:58:06.079 [main] INFO org.springframework.test.context.support.AbstractContextLoader - Could not detect default resource locations for test class [com.inventory.InventoryAppApplicationTests]: no resource found for suffixes {-context.xml, Context.groovy}.
16:58:06.080 [main] DEBUG org.springframework.test.context.support.ActiveProfilesUtils - Could not find an 'annotation declaring class' for annotation type [org.springframework.test.context.ActiveProfiles] and class [com.inventory.InventoryAppApplicationTests]
16:58:06.080 [main] DEBUG org.springframework.test.context.web.WebTestContextBootstrapper - @TestExecutionListeners is not present for class [com.inventory.InventoryAppApplicationTests]: using defaults.
16:58:06.087 [main] INFO org.springframework.test.context.web.WebTestContextBootstrapper - Loaded default TestExecutionListener class names from location [META-INF/spring.factories]: [org.springframework.test.context.web.ServletTestExecutionListener, org.springframework.test.context.support.DirtiesContextBeforeModesTestExecutionListener, org.springframework.test.context.support.DependencyInjectionTestExecutionListener, org.springframework.test.context.support.DirtiesContextTestExecutionListener, org.springframework.test.context.transaction.TransactionalTestExecutionListener, org.springframework.test.context.jdbc.SqlScriptsTestExecutionListener]
16:58:06.088 [main] INFO org.springframework.test.context.web.WebTestContextBootstrapper - Using TestExecutionListeners: [org.springframework.test.context.web.ServletTestExecutionListener@3fd7a715, org.springframework.test.context.support.DirtiesContextBeforeModesTestExecutionListener@711f39f9, org.springframework.test.context.support.DependencyInjectionTestExecutionListener@71bbf57e, org.springframework.test.context.support.DirtiesContextTestExecutionListener@7f13d6e, org.springframework.test.context.transaction.TransactionalTestExecutionListener@51cdd8a, org.springframework.test.context.jdbc.SqlScriptsTestExecutionListener@d44fc21]
16:58:06.088 [main] DEBUG org.springframework.test.annotation.ProfileValueUtils - Retrieved @ProfileValueSourceConfiguration [null] for test class [com.inventory.InventoryAppApplicationTests]
16:58:06.088 [main] DEBUG org.springframework.test.annotation.ProfileValueUtils - Retrieved ProfileValueSource type [class org.springframework.test.annotation.SystemProfileValueSource] for class [com.inventory.InventoryAppApplicationTests]
16:58:06.090 [main] DEBUG org.springframework.test.annotation.ProfileValueUtils - Retrieved @ProfileValueSourceConfiguration [null] for test class [com.inventory.InventoryAppApplicationTests]
16:58:06.090 [main] DEBUG org.springframework.test.annotation.ProfileValueUtils - Retrieved ProfileValueSource type [class org.springframework.test.annotation.SystemProfileValueSource] for class [com.inventory.InventoryAppApplicationTests]
16:58:06.094 [main] DEBUG org.springframework.test.context.support.AbstractDirtiesContextTestExecutionListener - Before test class: context [DefaultTestContext@56aac163 testClass = InventoryAppApplicationTests, testInstance = [null], testMethod = [null], testException = [null], mergedContextConfiguration = [WebMergedContextConfiguration@1f7030a6 testClass = InventoryAppApplicationTests, locations = '{}', classes = '{class com.inventory.InventoryAppApplication}', contextInitializerClasses = '[]', activeProfiles = '{}', propertySourceLocations = '{}', propertySourceProperties = '{}', resourceBasePath = 'src/main/webapp', contextLoader = 'org.springframework.boot.test.SpringApplicationContextLoader', parent = [null]]], class annotated with @DirtiesContext [false] with mode [null].
16:58:06.095 [main] DEBUG org.springframework.test.annotation.ProfileValueUtils - Retrieved @ProfileValueSourceConfiguration [null] for test class [com.inventory.InventoryAppApplicationTests]
16:58:06.096 [main] DEBUG org.springframework.test.annotation.ProfileValueUtils - Retrieved ProfileValueSource type [class org.springframework.test.annotation.SystemProfileValueSource] for class [com.inventory.InventoryAppApplicationTests]
16:58:06.163 [main] DEBUG org.springframework.core.env.StandardEnvironment - Adding [systemProperties] PropertySource with lowest search precedence
16:58:06.164 [main] DEBUG org.springframework.core.env.StandardEnvironment - Adding [systemEnvironment] PropertySource with lowest search precedence
16:58:06.164 [main] DEBUG org.springframework.core.env.StandardEnvironment - Initialized StandardEnvironment with PropertySources [systemProperties,systemEnvironment]
16:58:06.166 [main] DEBUG org.springframework.core.env.StandardEnvironment - Adding [integrationTest] PropertySource with search precedence immediately lower than [systemEnvironment]

  .   ____          _            __ _ _
 /\\ / ___'_ __ _ _(_)_ __  __ _ \ \ \ \
( ( )\___ | '_ | '_| | '_ \/ _` | \ \ \ \
 \\/  ___)| |_)| | | | | || (_| |  ) ) ) )
  '  |____| .__|_| |_|_| |_\__, | / / / /
 =========|_|==============|___/=/_/_/_/
 :: Spring Boot ::        (v1.3.5.RELEASE)

2016-06-06 16:58:06.420  INFO 10308 --- [           main] c.i.InventoryAppApplicationTests         : Starting InventoryAppApplicationTests on DEV-LTP-046 with PID 10308 (D:\Private\spring_tutorial\inventory_app\target\test-classes started by eko.j.manurung in D:\Private\spring_tutorial\inventory_app)
2016-06-06 16:58:06.421  INFO 10308 --- [           main] c.i.InventoryAppApplicationTests         : The following profiles are active: dev
2016-06-06 16:58:06.512  INFO 10308 --- [           main] o.s.w.c.s.GenericWebApplicationContext   : Refreshing org.springframework.web.context.support.GenericWebApplicationContext@6069db50: startup date [Mon Jun 06 16:58:06 ICT 2016]; root of context hierarchy
2016-06-06 16:58:07.730  INFO 10308 --- [           main] o.s.b.f.config.PropertiesFactoryBean     : Loading properties file from URL [jar:file:/C:/Users/eko.j.manurung.GDN/.m2/repository/org/springframework/integration/spring-integration-core/4.2.5.RELEASE/spring-integration-core-4.2.5.RELEASE.jar!/META-INF/spring.integration.default.properties]
2016-06-06 16:58:07.735  INFO 10308 --- [           main] o.s.i.config.IntegrationRegistrar        : No bean named 'integrationHeaderChannelRegistry' has been explicitly defined. Therefore, a default DefaultHeaderChannelRegistry will be created.
2016-06-06 16:58:08.129  INFO 10308 --- [           main] faultConfiguringBeanFactoryPostProcessor : No bean named 'errorChannel' has been explicitly defined. Therefore, a default PublishSubscribeChannel will be created.
2016-06-06 16:58:08.135  INFO 10308 --- [           main] faultConfiguringBeanFactoryPostProcessor : No bean named 'taskScheduler' has been explicitly defined. Therefore, a default ThreadPoolTaskScheduler will be created.
2016-06-06 16:58:08.981  INFO 10308 --- [           main] o.s.i.kafka.support.ProducerFactoryBean  : Using producer properties => {bootstrap.servers=localhost:9092, linger.ms=1000, compression.type=none, batch.size=16384}
2016-06-06 16:58:08.994  INFO 10308 --- [           main] o.a.k.clients.producer.ProducerConfig    : ProducerConfig values: 
	compression.type = none
	metric.reporters = []
	metadata.max.age.ms = 300000
	metadata.fetch.timeout.ms = 60000
	acks = 1
	batch.size = 16384
	reconnect.backoff.ms = 10
	bootstrap.servers = [localhost:9092]
	receive.buffer.bytes = 32768
	retry.backoff.ms = 100
	buffer.memory = 33554432
	timeout.ms = 30000
	key.serializer = class org.apache.kafka.common.serialization.StringSerializer
	retries = 0
	max.request.size = 1048576
	block.on.buffer.full = true
	value.serializer = class org.apache.kafka.common.serialization.StringSerializer
	metrics.sample.window.ms = 30000
	send.buffer.bytes = 131072
	max.in.flight.requests.per.connection = 5
	metrics.num.samples = 2
	linger.ms = 1000
	client.id = 

2016-06-06 16:58:09.083  WARN 10308 --- [           main] o.a.k.clients.producer.ProducerConfig    : The configuration value.serializer = class org.apache.kafka.common.serialization.StringSerializer was supplied but isn't a known config.
2016-06-06 16:58:09.084  WARN 10308 --- [           main] o.a.k.clients.producer.ProducerConfig    : The configuration key.serializer = class org.apache.kafka.common.serialization.StringSerializer was supplied but isn't a known config.
2016-06-06 16:58:09.103  INFO 10308 --- [           main] o.s.b.f.config.PropertiesFactoryBean     : Loading properties file from URL [jar:file:/C:/Users/eko.j.manurung.GDN/.m2/repository/org/springframework/integration/spring-integration-core/4.2.5.RELEASE/spring-integration-core-4.2.5.RELEASE.jar!/META-INF/spring.integration.default.properties]
2016-06-06 16:58:09.546  INFO 10308 --- [           main] o.s.s.c.ThreadPoolTaskScheduler          : Initializing ExecutorService  'taskScheduler'
2016-06-06 16:58:10.227  INFO 10308 --- [           main] s.w.s.m.m.a.RequestMappingHandlerAdapter : Looking for @ControllerAdvice: org.springframework.web.context.support.GenericWebApplicationContext@6069db50: startup date [Mon Jun 06 16:58:06 ICT 2016]; root of context hierarchy
2016-06-06 16:58:10.304  INFO 10308 --- [           main] s.w.s.m.m.a.RequestMappingHandlerMapping : Mapped "{[/]}" onto public org.springframework.web.servlet.ModelAndView com.inventory.controller.InventoryController.getAll(javax.servlet.http.HttpSession)
2016-06-06 16:58:10.305  INFO 10308 --- [           main] s.w.s.m.m.a.RequestMappingHandlerMapping : Mapped "{[/editStock/{id}],methods=[GET]}" onto public java.lang.String com.inventory.controller.InventoryController.updateStockInventory(org.springframework.ui.Model,java.lang.String)
2016-06-06 16:58:10.306  INFO 10308 --- [           main] s.w.s.m.m.a.RequestMappingHandlerMapping : Mapped "{[/updateStock],methods=[POST]}" onto public org.springframework.web.servlet.ModelAndView com.inventory.controller.InventoryController.updateStockInventory(java.lang.String,int)
2016-06-06 16:58:10.306  INFO 10308 --- [           main] s.w.s.m.m.a.RequestMappingHandlerMapping : Mapped "{[/updatePrice],methods=[POST]}" onto public org.springframework.web.servlet.ModelAndView com.inventory.controller.InventoryController.updatePriceInventory(java.lang.String,double)
2016-06-06 16:58:10.307  INFO 10308 --- [           main] s.w.s.m.m.a.RequestMappingHandlerMapping : Mapped "{[/editPrice/{id}],methods=[GET]}" onto public java.lang.String com.inventory.controller.InventoryController.updatePriceInventory(org.springframework.ui.Model,java.lang.String)
2016-06-06 16:58:10.307  INFO 10308 --- [           main] s.w.s.m.m.a.RequestMappingHandlerMapping : Mapped "{[/create],methods=[POST]}" onto public org.springframework.web.servlet.ModelAndView com.inventory.controller.InventoryController.addInventory(com.inventory.model.Inventory,org.springframework.ui.Model)
2016-06-06 16:58:10.307  INFO 10308 --- [           main] s.w.s.m.m.a.RequestMappingHandlerMapping : Mapped "{[/create],methods=[GET]}" onto public org.springframework.web.servlet.ModelAndView com.inventory.controller.InventoryController.addInventory(javax.servlet.http.HttpSession)
2016-06-06 16:58:10.308  INFO 10308 --- [           main] s.w.s.m.m.a.RequestMappingHandlerMapping : Mapped "{[/delete/{id}],methods=[GET]}" onto public org.springframework.web.servlet.ModelAndView com.inventory.controller.InventoryController.deleteProduct(java.lang.String)
2016-06-06 16:58:10.310  INFO 10308 --- [           main] s.w.s.m.m.a.RequestMappingHandlerMapping : Mapped "{[/error]}" onto public org.springframework.http.ResponseEntity<java.util.Map<java.lang.String, java.lang.Object>> org.springframework.boot.autoconfigure.web.BasicErrorController.error(javax.servlet.http.HttpServletRequest)
2016-06-06 16:58:10.311  INFO 10308 --- [           main] s.w.s.m.m.a.RequestMappingHandlerMapping : Mapped "{[/error],produces=[text/html]}" onto public org.springframework.web.servlet.ModelAndView org.springframework.boot.autoconfigure.web.BasicErrorController.errorHtml(javax.servlet.http.HttpServletRequest,javax.servlet.http.HttpServletResponse)
2016-06-06 16:58:10.336  INFO 10308 --- [           main] o.s.w.s.handler.SimpleUrlHandlerMapping  : Mapped URL path [/webjars/**] onto handler of type [class org.springframework.web.servlet.resource.ResourceHttpRequestHandler]
2016-06-06 16:58:10.336  INFO 10308 --- [           main] o.s.w.s.handler.SimpleUrlHandlerMapping  : Mapped URL path [/**] onto handler of type [class org.springframework.web.servlet.resource.ResourceHttpRequestHandler]
2016-06-06 16:58:10.522  INFO 10308 --- [           main] o.s.w.s.handler.SimpleUrlHandlerMapping  : Mapped URL path [/**/favicon.ico] onto handler of type [class org.springframework.web.servlet.resource.ResourceHttpRequestHandler]
2016-06-06 16:58:10.691  INFO 10308 --- [           main] o.s.w.s.v.f.FreeMarkerConfigurer         : ClassTemplateLoader for Spring macros added to FreeMarker configuration
2016-06-06 16:58:10.851  INFO 10308 --- [           main] o.s.c.support.DefaultLifecycleProcessor  : Starting beans in phase -2147483648
2016-06-06 16:58:10.865  INFO 10308 --- [-localhost:2181] org.I0Itec.zkclient.ZkEventThread        : Starting ZkClient event thread.
2016-06-06 16:58:10.874  INFO 10308 --- [           main] org.apache.zookeeper.ZooKeeper           : Client environment:zookeeper.version=3.4.6-1569965, built on 02/20/2014 09:09 GMT
2016-06-06 16:58:10.874  INFO 10308 --- [           main] org.apache.zookeeper.ZooKeeper           : Client environment:host.name=DEV-LTP-046.gdn-commerce.com
2016-06-06 16:58:10.874  INFO 10308 --- [           main] org.apache.zookeeper.ZooKeeper           : Client environment:java.version=1.8.0_77
2016-06-06 16:58:10.874  INFO 10308 --- [           main] org.apache.zookeeper.ZooKeeper           : Client environment:java.vendor=Oracle Corporation
2016-06-06 16:58:10.874  INFO 10308 --- [           main] org.apache.zookeeper.ZooKeeper           : Client environment:java.home=C:\Program Files\Java\jdk1.8.0_77\jre
2016-06-06 16:58:10.874  INFO 10308 --- [           main] org.apache.zookeeper.ZooKeeper           : Client environment:java.class.path=D:\Private\spring_tutorial\inventory_app\target\test-classes;D:\Private\spring_tutorial\inventory_app\target\classes;C:\Users\eko.j.manurung.GDN\.m2\repository\org\springframework\boot\spring-boot-starter-data-mongodb\1.3.5.RELEASE\spring-boot-starter-data-mongodb-1.3.5.RELEASE.jar;C:\Users\eko.j.manurung.GDN\.m2\repository\org\springframework\boot\spring-boot-starter\1.3.5.RELEASE\spring-boot-starter-1.3.5.RELEASE.jar;C:\Users\eko.j.manurung.GDN\.m2\repository\org\springframework\boot\spring-boot\1.3.5.RELEASE\spring-boot-1.3.5.RELEASE.jar;C:\Users\eko.j.manurung.GDN\.m2\repository\org\springframework\boot\spring-boot-autoconfigure\1.3.5.RELEASE\spring-boot-autoconfigure-1.3.5.RELEASE.jar;C:\Users\eko.j.manurung.GDN\.m2\repository\org\springframework\boot\spring-boot-starter-logging\1.3.5.RELEASE\spring-boot-starter-logging-1.3.5.RELEASE.jar;C:\Users\eko.j.manurung.GDN\.m2\repository\ch\qos\logback\logback-classic\1.1.7\logback-classic-1.1.7.jar;C:\Users\eko.j.manurung.GDN\.m2\repository\ch\qos\logback\logback-core\1.1.7\logback-core-1.1.7.jar;C:\Users\eko.j.manurung.GDN\.m2\repository\org\slf4j\jul-to-slf4j\1.7.21\jul-to-slf4j-1.7.21.jar;C:\Users\eko.j.manurung.GDN\.m2\repository\org\slf4j\log4j-over-slf4j\1.7.21\log4j-over-slf4j-1.7.21.jar;C:\Users\eko.j.manurung.GDN\.m2\repository\org\yaml\snakeyaml\1.16\snakeyaml-1.16.jar;C:\Users\eko.j.manurung.GDN\.m2\repository\org\mongodb\mongo-java-driver\2.13.3\mongo-java-driver-2.13.3.jar;C:\Users\eko.j.manurung.GDN\.m2\repository\org\springframework\data\spring-data-mongodb\1.8.4.RELEASE\spring-data-mongodb-1.8.4.RELEASE.jar;C:\Users\eko.j.manurung.GDN\.m2\repository\org\springframework\spring-tx\4.2.6.RELEASE\spring-tx-4.2.6.RELEASE.jar;C:\Users\eko.j.manurung.GDN\.m2\repository\org\springframework\spring-context\4.2.6.RELEASE\spring-context-4.2.6.RELEASE.jar;C:\Users\eko.j.manurung.GDN\.m2\repository\org\springframework\spring-beans\4.2.6.RELEASE\spring-beans-4.2.6.RELEASE.jar;C:\Users\eko.j.manurung.GDN\.m2\repository\org\springframework\spring-expression\4.2.6.RELEASE\spring-expression-4.2.6.RELEASE.jar;C:\Users\eko.j.manurung.GDN\.m2\repository\org\springframework\data\spring-data-commons\1.11.4.RELEASE\spring-data-commons-1.11.4.RELEASE.jar;C:\Users\eko.j.manurung.GDN\.m2\repository\org\slf4j\slf4j-api\1.7.21\slf4j-api-1.7.21.jar;C:\Users\eko.j.manurung.GDN\.m2\repository\org\slf4j\jcl-over-slf4j\1.7.21\jcl-over-slf4j-1.7.21.jar;C:\Users\eko.j.manurung.GDN\.m2\repository\org\springframework\boot\spring-boot-starter-freemarker\1.3.5.RELEASE\spring-boot-starter-freemarker-1.3.5.RELEASE.jar;C:\Users\eko.j.manurung.GDN\.m2\repository\org\freemarker\freemarker\2.3.23\freemarker-2.3.23.jar;C:\Users\eko.j.manurung.GDN\.m2\repository\org\springframework\spring-context-support\4.2.6.RELEASE\spring-context-support-4.2.6.RELEASE.jar;C:\Users\eko.j.manurung.GDN\.m2\repository\org\springframework\boot\spring-boot-starter-web\1.3.5.RELEASE\spring-boot-starter-web-1.3.5.RELEASE.jar;C:\Users\eko.j.manurung.GDN\.m2\repository\org\springframework\boot\spring-boot-starter-tomcat\1.3.5.RELEASE\spring-boot-starter-tomcat-1.3.5.RELEASE.jar;C:\Users\eko.j.manurung.GDN\.m2\repository\org\apache\tomcat\embed\tomcat-embed-core\8.0.33\tomcat-embed-core-8.0.33.jar;C:\Users\eko.j.manurung.GDN\.m2\repository\org\apache\tomcat\embed\tomcat-embed-el\8.0.33\tomcat-embed-el-8.0.33.jar;C:\Users\eko.j.manurung.GDN\.m2\repository\org\apache\tomcat\embed\tomcat-embed-logging-juli\8.0.33\tomcat-embed-logging-juli-8.0.33.jar;C:\Users\eko.j.manurung.GDN\.m2\repository\org\apache\tomcat\embed\tomcat-embed-websocket\8.0.33\tomcat-embed-websocket-8.0.33.jar;C:\Users\eko.j.manurung.GDN\.m2\repository\org\springframework\boot\spring-boot-starter-validation\1.3.5.RELEASE\spring-boot-starter-validation-1.3.5.RELEASE.jar;C:\Users\eko.j.manurung.GDN\.m2\repository\org\hibernate\hibernate-validator\5.2.4.Final\hibernate-validator-5.2.4.Final.jar;C:\Users\eko.j.manurung.GDN\.m2\repository\javax\validation\validation-api\1.1.0.Final\validation-api-1.1.0.Final.jar;C:\Users\eko.j.manurung.GDN\.m2\repository\org\jboss\logging\jboss-logging\3.3.0.Final\jboss-logging-3.3.0.Final.jar;C:\Users\eko.j.manurung.GDN\.m2\repository\com\fasterxml\classmate\1.1.0\classmate-1.1.0.jar;C:\Users\eko.j.manurung.GDN\.m2\repository\com\fasterxml\jackson\core\jackson-databind\2.6.6\jackson-databind-2.6.6.jar;C:\Users\eko.j.manurung.GDN\.m2\repository\com\fasterxml\jackson\core\jackson-annotations\2.6.6\jackson-annotations-2.6.6.jar;C:\Users\eko.j.manurung.GDN\.m2\repository\com\fasterxml\jackson\core\jackson-core\2.6.6\jackson-core-2.6.6.jar;C:\Users\eko.j.manurung.GDN\.m2\repository\org\springframework\spring-web\4.2.6.RELEASE\spring-web-4.2.6.RELEASE.jar;C:\Users\eko.j.manurung.GDN\.m2\repository\org\springframework\spring-aop\4.2.6.RELEASE\spring-aop-4.2.6.RELEASE.jar;C:\Users\eko.j.manurung.GDN\.m2\repository\aopalliance\aopalliance\1.0\aopalliance-1.0.jar;C:\Users\eko.j.manurung.GDN\.m2\repository\org\springframework\spring-webmvc\4.2.6.RELEASE\spring-webmvc-4.2.6.RELEASE.jar;C:\Users\eko.j.manurung.GDN\.m2\repository\org\webjars\bootstrap\3.3.5\bootstrap-3.3.5.jar;C:\Users\eko.j.manurung.GDN\.m2\repository\org\webjars\jquery\1.11.1\jquery-1.11.1.jar;C:\Users\eko.j.manurung.GDN\.m2\repository\org\springframework\boot\spring-boot-starter-test\1.3.5.RELEASE\spring-boot-starter-test-1.3.5.RELEASE.jar;C:\Users\eko.j.manurung.GDN\.m2\repository\junit\junit\4.12\junit-4.12.jar;C:\Users\eko.j.manurung.GDN\.m2\repository\org\mockito\mockito-core\1.10.19\mockito-core-1.10.19.jar;C:\Users\eko.j.manurung.GDN\.m2\repository\org\objenesis\objenesis\2.1\objenesis-2.1.jar;C:\Users\eko.j.manurung.GDN\.m2\repository\org\hamcrest\hamcrest-core\1.3\hamcrest-core-1.3.jar;C:\Users\eko.j.manurung.GDN\.m2\repository\org\hamcrest\hamcrest-library\1.3\hamcrest-library-1.3.jar;C:\Users\eko.j.manurung.GDN\.m2\repository\org\springframework\spring-core\4.2.6.RELEASE\spring-core-4.2.6.RELEASE.jar;C:\Users\eko.j.manurung.GDN\.m2\repository\org\springframework\spring-test\4.2.6.RELEASE\spring-test-4.2.6.RELEASE.jar;C:\Users\eko.j.manurung.GDN\.m2\repository\org\springframework\integration\spring-integration-kafka\1.3.0.RELEASE\spring-integration-kafka-1.3.0.RELEASE.jar;C:\Users\eko.j.manurung.GDN\.m2\repository\org\springframework\integration\spring-integration-core\4.2.5.RELEASE\spring-integration-core-4.2.5.RELEASE.jar;C:\Users\eko.j.manurung.GDN\.m2\repository\org\springframework\retry\spring-retry\1.1.2.RELEASE\spring-retry-1.1.2.RELEASE.jar;C:\Users\eko.j.manurung.GDN\.m2\repository\org\springframework\spring-messaging\4.2.6.RELEASE\spring-messaging-4.2.6.RELEASE.jar;C:\Users\eko.j.manurung.GDN\.m2\repository\org\apache\kafka\kafka-clients\0.8.2.2\kafka-clients-0.8.2.2.jar;C:\Users\eko.j.manurung.GDN\.m2\repository\org\xerial\snappy\snappy-java\1.1.1.7\snappy-java-1.1.1.7.jar;C:\Users\eko.j.manurung.GDN\.m2\repository\net\jpountz\lz4\lz4\1.2.0\lz4-1.2.0.jar;C:\Users\eko.j.manurung.GDN\.m2\repository\com\yammer\metrics\metrics-annotation\2.2.0\metrics-annotation-2.2.0.jar;C:\Users\eko.j.manurung.GDN\.m2\repository\org\apache\kafka\kafka_2.10\0.8.2.2\kafka_2.10-0.8.2.2.jar;C:\Users\eko.j.manurung.GDN\.m2\repository\org\scala-lang\scala-library\2.10.4\scala-library-2.10.4.jar;C:\Users\eko.j.manurung.GDN\.m2\repository\org\apache\zookeeper\zookeeper\3.4.6\zookeeper-3.4.6.jar;C:\Users\eko.j.manurung.GDN\.m2\repository\org\slf4j\slf4j-log4j12\1.7.21\slf4j-log4j12-1.7.21.jar;C:\Users\eko.j.manurung.GDN\.m2\repository\log4j\log4j\1.2.17\log4j-1.2.17.jar;C:\Users\eko.j.manurung.GDN\.m2\repository\jline\jline\0.9.94\jline-0.9.94.jar;C:\Users\eko.j.manurung.GDN\.m2\repository\io\netty\netty\3.7.0.Final\netty-3.7.0.Final.jar;C:\Users\eko.j.manurung.GDN\.m2\repository\net\sf\jopt-simple\jopt-simple\3.2\jopt-simple-3.2.jar;C:\Users\eko.j.manurung.GDN\.m2\repository\com\101tec\zkclient\0.3\zkclient-0.3.jar;C:\Users\eko.j.manurung.GDN\.m2\repository\com\yammer\metrics\metrics-core\2.2.0\metrics-core-2.2.0.jar;C:\Users\eko.j.manurung.GDN\.m2\repository\io\projectreactor\reactor-core\2.0.8.RELEASE\reactor-core-2.0.8.RELEASE.jar;C:\Users\eko.j.manurung.GDN\.m2\repository\com\goldmansachs\gs-collections\5.0.0\gs-collections-5.0.0.jar;C:\Users\eko.j.manurung.GDN\.m2\repository\com\goldmansachs\gs-collections-api\5.0.0\gs-collections-api-5.0.0.jar;C:\Users\eko.j.manurung.GDN\.m2\repository\org\springframework\integration\spring-integration-java-dsl\1.1.2.RELEASE\spring-integration-java-dsl-1.1.2.RELEASE.jar;C:\Users\eko.j.manurung.GDN\.m2\repository\org\reactivestreams\reactive-streams\1.0.0\reactive-streams-1.0.0.jar;
2016-06-06 16:58:10.875  INFO 10308 --- [           main] org.apache.zookeeper.ZooKeeper           : Client environment:java.library.path=C:\Program Files\Java\jdk1.8.0_77\jre\bin;C:\Windows\Sun\Java\bin;C:\Windows\system32;C:\Windows;C:\Program Files\Java\jdk1.8.0_77\bin;C:\ProgramData\Oracle\Java\javapath;c:\Program Files (x86)\Intel\iCLS Client\;c:\Program Files\Intel\iCLS Client\;C:\Windows\system32;C:\Windows;C:\Windows\System32\Wbem;C:\Windows\System32\WindowsPowerShell\v1.0\;C:\appserver\apache-maven-3.2.5\bin;C:\PROGRA~1\IBM\SQLLIB\BIN;C:\PROGRA~1\IBM\SQLLIB\FUNCTION;C:\PROGRA~1\IBM\SQLLIB\SAMPLES\REPL\;C:\Program Files\MongoDB\Server\3.0\bin\;C:\Program Files\PostgreSQL\9.4\bin\;C:\Program Files (x86)\RabbitMQ Server\rabbitmq_server-3.4.4\ebin\;C:\Program Files (x86)\RabbitMQ Server\rabbitmq_server-3.4.4\sbin\;C:\Program Files\Intel\WiFi\bin\;C:\Program Files\Common Files\Intel\WirelessCommon\;C:\Program Files (x86)\Skype\Phone\;C:\appserver\typesafe-activator-1.3.9\activator-dist-1.3.9\bin;C:\appserver\scala-2.11.7\bin;C:\Program Files\nodejs\;C:\appserver\zookeeper-3.4.8\bin;C:\Users\eko.j.manurung.GDN\AppData\Local\atom\bin;.
2016-06-06 16:58:10.879  INFO 10308 --- [           main] org.apache.zookeeper.ZooKeeper           : Client environment:java.io.tmpdir=C:\Users\EKOJMA~1.GDN\AppData\Local\Temp\
2016-06-06 16:58:10.879  INFO 10308 --- [           main] org.apache.zookeeper.ZooKeeper           : Client environment:java.compiler=<NA>
2016-06-06 16:58:10.879  INFO 10308 --- [           main] org.apache.zookeeper.ZooKeeper           : Client environment:os.name=Windows 7
2016-06-06 16:58:10.879  INFO 10308 --- [           main] org.apache.zookeeper.ZooKeeper           : Client environment:os.arch=amd64
2016-06-06 16:58:10.879  INFO 10308 --- [           main] org.apache.zookeeper.ZooKeeper           : Client environment:os.version=6.1
2016-06-06 16:58:10.879  INFO 10308 --- [           main] org.apache.zookeeper.ZooKeeper           : Client environment:user.name=eko.j.manurung
2016-06-06 16:58:10.879  INFO 10308 --- [           main] org.apache.zookeeper.ZooKeeper           : Client environment:user.home=C:\Users\eko.j.manurung.GDN
2016-06-06 16:58:10.879  INFO 10308 --- [           main] org.apache.zookeeper.ZooKeeper           : Client environment:user.dir=D:\Private\spring_tutorial\inventory_app
2016-06-06 16:58:10.880  INFO 10308 --- [           main] org.apache.zookeeper.ZooKeeper           : Initiating client connection, connectString=localhost:2181 sessionTimeout=10000 watcher=org.I0Itec.zkclient.ZkClient@5b1efaaf
2016-06-06 16:58:10.908  INFO 10308 --- [127.0.0.1:2181)] org.apache.zookeeper.ClientCnxn          : Opening socket connection to server 127.0.0.1/127.0.0.1:2181. Will not attempt to authenticate using SASL (unknown error)
2016-06-06 16:58:11.919  WARN 10308 --- [127.0.0.1:2181)] org.apache.zookeeper.ClientCnxn          : Session 0x0 for server null, unexpected error, closing socket connection and attempting reconnect

java.net.ConnectException: Connection refused: no further information
	at sun.nio.ch.SocketChannelImpl.checkConnect(Native Method) ~[na:1.8.0_77]
	at sun.nio.ch.SocketChannelImpl.finishConnect(SocketChannelImpl.java:717) ~[na:1.8.0_77]
	at org.apache.zookeeper.ClientCnxnSocketNIO.doTransport(ClientCnxnSocketNIO.java:361) ~[zookeeper-3.4.6.jar:3.4.6-1569965]
	at org.apache.zookeeper.ClientCnxn$SendThread.run(ClientCnxn.java:1081) ~[zookeeper-3.4.6.jar:3.4.6-1569965]

2016-06-06 16:58:12.024  INFO 10308 --- [0:0:0:0:1:2181)] org.apache.zookeeper.ClientCnxn          : Opening socket connection to server 0:0:0:0:0:0:0:1/0:0:0:0:0:0:0:1:2181. Will not attempt to authenticate using SASL (unknown error)
2016-06-06 16:58:13.025  WARN 10308 --- [0:0:0:0:1:2181)] org.apache.zookeeper.ClientCnxn          : Session 0x0 for server null, unexpected error, closing socket connection and attempting reconnect

java.net.ConnectException: Connection refused: no further information
	at sun.nio.ch.SocketChannelImpl.checkConnect(Native Method) ~[na:1.8.0_77]
	at sun.nio.ch.SocketChannelImpl.finishConnect(SocketChannelImpl.java:717) ~[na:1.8.0_77]
	at org.apache.zookeeper.ClientCnxnSocketNIO.doTransport(ClientCnxnSocketNIO.java:361) ~[zookeeper-3.4.6.jar:3.4.6-1569965]
	at org.apache.zookeeper.ClientCnxn$SendThread.run(ClientCnxn.java:1081) ~[zookeeper-3.4.6.jar:3.4.6-1569965]

2016-06-06 16:58:14.126  INFO 10308 --- [127.0.0.1:2181)] org.apache.zookeeper.ClientCnxn          : Opening socket connection to server 127.0.0.1/127.0.0.1:2181. Will not attempt to authenticate using SASL (unknown error)
2016-06-06 16:58:15.127  WARN 10308 --- [127.0.0.1:2181)] org.apache.zookeeper.ClientCnxn          : Session 0x0 for server null, unexpected error, closing socket connection and attempting reconnect

java.net.ConnectException: Connection refused: no further information
	at sun.nio.ch.SocketChannelImpl.checkConnect(Native Method) ~[na:1.8.0_77]
	at sun.nio.ch.SocketChannelImpl.finishConnect(SocketChannelImpl.java:717) ~[na:1.8.0_77]
	at org.apache.zookeeper.ClientCnxnSocketNIO.doTransport(ClientCnxnSocketNIO.java:361) ~[zookeeper-3.4.6.jar:3.4.6-1569965]
	at org.apache.zookeeper.ClientCnxn$SendThread.run(ClientCnxn.java:1081) ~[zookeeper-3.4.6.jar:3.4.6-1569965]

2016-06-06 16:58:15.228  INFO 10308 --- [0:0:0:0:1:2181)] org.apache.zookeeper.ClientCnxn          : Opening socket connection to server 0:0:0:0:0:0:0:1/0:0:0:0:0:0:0:1:2181. Will not attempt to authenticate using SASL (unknown error)
2016-06-06 16:58:16.229  WARN 10308 --- [0:0:0:0:1:2181)] org.apache.zookeeper.ClientCnxn          : Session 0x0 for server null, unexpected error, closing socket connection and attempting reconnect

java.net.ConnectException: Connection refused: no further information
	at sun.nio.ch.SocketChannelImpl.checkConnect(Native Method) ~[na:1.8.0_77]
	at sun.nio.ch.SocketChannelImpl.finishConnect(SocketChannelImpl.java:717) ~[na:1.8.0_77]
	at org.apache.zookeeper.ClientCnxnSocketNIO.doTransport(ClientCnxnSocketNIO.java:361) ~[zookeeper-3.4.6.jar:3.4.6-1569965]
	at org.apache.zookeeper.ClientCnxn$SendThread.run(ClientCnxn.java:1081) ~[zookeeper-3.4.6.jar:3.4.6-1569965]

2016-06-06 16:58:17.330  INFO 10308 --- [127.0.0.1:2181)] org.apache.zookeeper.ClientCnxn          : Opening socket connection to server 127.0.0.1/127.0.0.1:2181. Will not attempt to authenticate using SASL (unknown error)
2016-06-06 16:58:18.337  WARN 10308 --- [127.0.0.1:2181)] org.apache.zookeeper.ClientCnxn          : Session 0x0 for server null, unexpected error, closing socket connection and attempting reconnect

java.net.ConnectException: Connection refused: no further information
	at sun.nio.ch.SocketChannelImpl.checkConnect(Native Method) ~[na:1.8.0_77]
	at sun.nio.ch.SocketChannelImpl.finishConnect(SocketChannelImpl.java:717) ~[na:1.8.0_77]
	at org.apache.zookeeper.ClientCnxnSocketNIO.doTransport(ClientCnxnSocketNIO.java:361) ~[zookeeper-3.4.6.jar:3.4.6-1569965]
	at org.apache.zookeeper.ClientCnxn$SendThread.run(ClientCnxn.java:1081) ~[zookeeper-3.4.6.jar:3.4.6-1569965]

2016-06-06 16:58:18.437  INFO 10308 --- [0:0:0:0:1:2181)] org.apache.zookeeper.ClientCnxn          : Opening socket connection to server 0:0:0:0:0:0:0:1/0:0:0:0:0:0:0:1:2181. Will not attempt to authenticate using SASL (unknown error)
2016-06-06 16:58:19.431  WARN 10308 --- [0:0:0:0:1:2181)] org.apache.zookeeper.ClientCnxn          : Session 0x0 for server null, unexpected error, closing socket connection and attempting reconnect

java.net.ConnectException: Connection refused: no further information
	at sun.nio.ch.SocketChannelImpl.checkConnect(Native Method) ~[na:1.8.0_77]
	at sun.nio.ch.SocketChannelImpl.finishConnect(SocketChannelImpl.java:717) ~[na:1.8.0_77]
	at org.apache.zookeeper.ClientCnxnSocketNIO.doTransport(ClientCnxnSocketNIO.java:361) ~[zookeeper-3.4.6.jar:3.4.6-1569965]
	at org.apache.zookeeper.ClientCnxn$SendThread.run(ClientCnxn.java:1081) ~[zookeeper-3.4.6.jar:3.4.6-1569965]

2016-06-06 16:58:20.533  INFO 10308 --- [127.0.0.1:2181)] org.apache.zookeeper.ClientCnxn          : Opening socket connection to server 127.0.0.1/127.0.0.1:2181. Will not attempt to authenticate using SASL (unknown error)
2016-06-06 16:58:20.904  INFO 10308 --- [-localhost:2181] org.I0Itec.zkclient.ZkEventThread        : Terminate ZkClient event thread.
2016-06-06 16:58:21.640  INFO 10308 --- [           main] org.apache.zookeeper.ZooKeeper           : Session: 0x0 closed
2016-06-06 16:58:21.642  INFO 10308 --- [ain-EventThread] org.apache.zookeeper.ClientCnxn          : EventThread shut down
2016-06-06 16:58:21.645  WARN 10308 --- [           main] o.s.w.c.s.GenericWebApplicationContext   : Exception encountered during context initialization - cancelling refresh attempt: org.springframework.context.ApplicationContextException: Failed to start bean 'topicCreator'; nested exception is org.I0Itec.zkclient.exception.ZkTimeoutException: Unable to connect to zookeeper server within timeout: 10000
2016-06-06 16:58:21.660  INFO 10308 --- [           main] o.s.s.c.ThreadPoolTaskScheduler          : Shutting down ExecutorService 'taskScheduler'
2016-06-06 16:58:21.676 ERROR 10308 --- [           main] o.s.boot.SpringApplication               : Application startup failed

org.springframework.context.ApplicationContextException: Failed to start bean 'topicCreator'; nested exception is org.I0Itec.zkclient.exception.ZkTimeoutException: Unable to connect to zookeeper server within timeout: 10000
	at org.springframework.context.support.DefaultLifecycleProcessor.doStart(DefaultLifecycleProcessor.java:176) ~[spring-context-4.2.6.RELEASE.jar:4.2.6.RELEASE]
	at org.springframework.context.support.DefaultLifecycleProcessor.access$200(DefaultLifecycleProcessor.java:51) ~[spring-context-4.2.6.RELEASE.jar:4.2.6.RELEASE]
	at org.springframework.context.support.DefaultLifecycleProcessor$LifecycleGroup.start(DefaultLifecycleProcessor.java:346) ~[spring-context-4.2.6.RELEASE.jar:4.2.6.RELEASE]
	at org.springframework.context.support.DefaultLifecycleProcessor.startBeans(DefaultLifecycleProcessor.java:149) ~[spring-context-4.2.6.RELEASE.jar:4.2.6.RELEASE]
	at org.springframework.context.support.DefaultLifecycleProcessor.onRefresh(DefaultLifecycleProcessor.java:112) ~[spring-context-4.2.6.RELEASE.jar:4.2.6.RELEASE]
	at org.springframework.context.support.AbstractApplicationContext.finishRefresh(AbstractApplicationContext.java:852) ~[spring-context-4.2.6.RELEASE.jar:4.2.6.RELEASE]
	at org.springframework.context.support.AbstractApplicationContext.refresh(AbstractApplicationContext.java:541) ~[spring-context-4.2.6.RELEASE.jar:4.2.6.RELEASE]
	at org.springframework.boot.SpringApplication.refresh(SpringApplication.java:766) ~[spring-boot-1.3.5.RELEASE.jar:1.3.5.RELEASE]
	at org.springframework.boot.SpringApplication.createAndRefreshContext(SpringApplication.java:361) ~[spring-boot-1.3.5.RELEASE.jar:1.3.5.RELEASE]
	at org.springframework.boot.SpringApplication.run(SpringApplication.java:307) ~[spring-boot-1.3.5.RELEASE.jar:1.3.5.RELEASE]
	at org.springframework.boot.test.SpringApplicationContextLoader.loadContext(SpringApplicationContextLoader.java:98) [spring-boot-1.3.5.RELEASE.jar:1.3.5.RELEASE]
	at org.springframework.test.context.cache.DefaultCacheAwareContextLoaderDelegate.loadContextInternal(DefaultCacheAwareContextLoaderDelegate.java:98) [spring-test-4.2.6.RELEASE.jar:4.2.6.RELEASE]
	at org.springframework.test.context.cache.DefaultCacheAwareContextLoaderDelegate.loadContext(DefaultCacheAwareContextLoaderDelegate.java:116) [spring-test-4.2.6.RELEASE.jar:4.2.6.RELEASE]
	at org.springframework.test.context.support.DefaultTestContext.getApplicationContext(DefaultTestContext.java:83) [spring-test-4.2.6.RELEASE.jar:4.2.6.RELEASE]
	at org.springframework.test.context.web.ServletTestExecutionListener.setUpRequestContextIfNecessary(ServletTestExecutionListener.java:183) [spring-test-4.2.6.RELEASE.jar:4.2.6.RELEASE]
	at org.springframework.test.context.web.ServletTestExecutionListener.prepareTestInstance(ServletTestExecutionListener.java:123) [spring-test-4.2.6.RELEASE.jar:4.2.6.RELEASE]
	at org.springframework.test.context.TestContextManager.prepareTestInstance(TestContextManager.java:228) [spring-test-4.2.6.RELEASE.jar:4.2.6.RELEASE]
	at org.springframework.test.context.junit4.SpringJUnit4ClassRunner.createTest(SpringJUnit4ClassRunner.java:230) [spring-test-4.2.6.RELEASE.jar:4.2.6.RELEASE]
	at org.springframework.test.context.junit4.SpringJUnit4ClassRunner$1.runReflectiveCall(SpringJUnit4ClassRunner.java:289) [spring-test-4.2.6.RELEASE.jar:4.2.6.RELEASE]
	at org.junit.internal.runners.model.ReflectiveCallable.run(ReflectiveCallable.java:12) [junit-4.12.jar:4.12]
	at org.springframework.test.context.junit4.SpringJUnit4ClassRunner.methodBlock(SpringJUnit4ClassRunner.java:291) [spring-test-4.2.6.RELEASE.jar:4.2.6.RELEASE]
	at org.springframework.test.context.junit4.SpringJUnit4ClassRunner.runChild(SpringJUnit4ClassRunner.java:249) [spring-test-4.2.6.RELEASE.jar:4.2.6.RELEASE]
	at org.springframework.test.context.junit4.SpringJUnit4ClassRunner.runChild(SpringJUnit4ClassRunner.java:89) [spring-test-4.2.6.RELEASE.jar:4.2.6.RELEASE]
	at org.junit.runners.ParentRunner$3.run(ParentRunner.java:290) [junit-4.12.jar:4.12]
	at org.junit.runners.ParentRunner$1.schedule(ParentRunner.java:71) [junit-4.12.jar:4.12]
	at org.junit.runners.ParentRunner.runChildren(ParentRunner.java:288) [junit-4.12.jar:4.12]
	at org.junit.runners.ParentRunner.access$000(ParentRunner.java:58) [junit-4.12.jar:4.12]
	at org.junit.runners.ParentRunner$2.evaluate(ParentRunner.java:268) [junit-4.12.jar:4.12]
	at org.springframework.test.context.junit4.statements.RunBeforeTestClassCallbacks.evaluate(RunBeforeTestClassCallbacks.java:61) [spring-test-4.2.6.RELEASE.jar:4.2.6.RELEASE]
	at org.springframework.test.context.junit4.statements.RunAfterTestClassCallbacks.evaluate(RunAfterTestClassCallbacks.java:70) [spring-test-4.2.6.RELEASE.jar:4.2.6.RELEASE]
	at org.junit.runners.ParentRunner.run(ParentRunner.java:363) [junit-4.12.jar:4.12]
	at org.springframework.test.context.junit4.SpringJUnit4ClassRunner.run(SpringJUnit4ClassRunner.java:193) [spring-test-4.2.6.RELEASE.jar:4.2.6.RELEASE]
	at org.apache.maven.surefire.junit4.JUnit4Provider.execute(JUnit4Provider.java:283) [surefire-junit4-2.18.1.jar:2.18.1]
	at org.apache.maven.surefire.junit4.JUnit4Provider.executeWithRerun(JUnit4Provider.java:173) [surefire-junit4-2.18.1.jar:2.18.1]
	at org.apache.maven.surefire.junit4.JUnit4Provider.executeTestSet(JUnit4Provider.java:153) [surefire-junit4-2.18.1.jar:2.18.1]
	at org.apache.maven.surefire.junit4.JUnit4Provider.invoke(JUnit4Provider.java:128) [surefire-junit4-2.18.1.jar:2.18.1]
	at org.apache.maven.surefire.booter.ForkedBooter.invokeProviderInSameClassLoader(ForkedBooter.java:203) [surefire-booter-2.18.1.jar:2.18.1]
	at org.apache.maven.surefire.booter.ForkedBooter.runSuitesInProcess(ForkedBooter.java:155) [surefire-booter-2.18.1.jar:2.18.1]
	at org.apache.maven.surefire.booter.ForkedBooter.main(ForkedBooter.java:103) [surefire-booter-2.18.1.jar:2.18.1]
Caused by: org.I0Itec.zkclient.exception.ZkTimeoutException: Unable to connect to zookeeper server within timeout: 10000
	at org.I0Itec.zkclient.ZkClient.connect(ZkClient.java:880) ~[zkclient-0.3.jar:0.3]
	at org.I0Itec.zkclient.ZkClient.<init>(ZkClient.java:98) ~[zkclient-0.3.jar:0.3]
	at org.I0Itec.zkclient.ZkClient.<init>(ZkClient.java:84) ~[zkclient-0.3.jar:0.3]
	at org.springframework.integration.kafka.util.TopicUtils.ensureTopicCreated(TopicUtils.java:79) ~[spring-integration-kafka-1.3.0.RELEASE.jar:na]
	at com.inventory.kafka.config.TopicCreator.start(TopicCreator.java:24) ~[classes/:na]
	at org.springframework.context.support.DefaultLifecycleProcessor.doStart(DefaultLifecycleProcessor.java:173) ~[spring-context-4.2.6.RELEASE.jar:4.2.6.RELEASE]
	... 38 common frames omitted

2016-06-06 16:58:21.679  INFO 10308 --- [           main] .b.l.ClasspathLoggingApplicationListener : Application failed to start with classpath: [file:/D:/Private/spring_tutorial/inventory_app/target/surefire/surefirebooter6080785910070373026.jar]
2016-06-06 16:58:21.680 ERROR 10308 --- [           main] o.s.test.context.TestContextManager      : Caught exception while allowing TestExecutionListener [org.springframework.test.context.web.ServletTestExecutionListener@3fd7a715] to prepare test instance [com.inventory.InventoryAppApplicationTests@a0bf272]

java.lang.IllegalStateException: Failed to load ApplicationContext
	at org.springframework.test.context.cache.DefaultCacheAwareContextLoaderDelegate.loadContext(DefaultCacheAwareContextLoaderDelegate.java:124) ~[spring-test-4.2.6.RELEASE.jar:4.2.6.RELEASE]
	at org.springframework.test.context.support.DefaultTestContext.getApplicationContext(DefaultTestContext.java:83) ~[spring-test-4.2.6.RELEASE.jar:4.2.6.RELEASE]
	at org.springframework.test.context.web.ServletTestExecutionListener.setUpRequestContextIfNecessary(ServletTestExecutionListener.java:183) ~[spring-test-4.2.6.RELEASE.jar:4.2.6.RELEASE]
	at org.springframework.test.context.web.ServletTestExecutionListener.prepareTestInstance(ServletTestExecutionListener.java:123) ~[spring-test-4.2.6.RELEASE.jar:4.2.6.RELEASE]
	at org.springframework.test.context.TestContextManager.prepareTestInstance(TestContextManager.java:228) ~[spring-test-4.2.6.RELEASE.jar:4.2.6.RELEASE]
	at org.springframework.test.context.junit4.SpringJUnit4ClassRunner.createTest(SpringJUnit4ClassRunner.java:230) [spring-test-4.2.6.RELEASE.jar:4.2.6.RELEASE]
	at org.springframework.test.context.junit4.SpringJUnit4ClassRunner$1.runReflectiveCall(SpringJUnit4ClassRunner.java:289) [spring-test-4.2.6.RELEASE.jar:4.2.6.RELEASE]
	at org.junit.internal.runners.model.ReflectiveCallable.run(ReflectiveCallable.java:12) [junit-4.12.jar:4.12]
	at org.springframework.test.context.junit4.SpringJUnit4ClassRunner.methodBlock(SpringJUnit4ClassRunner.java:291) [spring-test-4.2.6.RELEASE.jar:4.2.6.RELEASE]
	at org.springframework.test.context.junit4.SpringJUnit4ClassRunner.runChild(SpringJUnit4ClassRunner.java:249) [spring-test-4.2.6.RELEASE.jar:4.2.6.RELEASE]
	at org.springframework.test.context.junit4.SpringJUnit4ClassRunner.runChild(SpringJUnit4ClassRunner.java:89) [spring-test-4.2.6.RELEASE.jar:4.2.6.RELEASE]
	at org.junit.runners.ParentRunner$3.run(ParentRunner.java:290) [junit-4.12.jar:4.12]
	at org.junit.runners.ParentRunner$1.schedule(ParentRunner.java:71) [junit-4.12.jar:4.12]
	at org.junit.runners.ParentRunner.runChildren(ParentRunner.java:288) [junit-4.12.jar:4.12]
	at org.junit.runners.ParentRunner.access$000(ParentRunner.java:58) [junit-4.12.jar:4.12]
	at org.junit.runners.ParentRunner$2.evaluate(ParentRunner.java:268) [junit-4.12.jar:4.12]
	at org.springframework.test.context.junit4.statements.RunBeforeTestClassCallbacks.evaluate(RunBeforeTestClassCallbacks.java:61) [spring-test-4.2.6.RELEASE.jar:4.2.6.RELEASE]
	at org.springframework.test.context.junit4.statements.RunAfterTestClassCallbacks.evaluate(RunAfterTestClassCallbacks.java:70) [spring-test-4.2.6.RELEASE.jar:4.2.6.RELEASE]
	at org.junit.runners.ParentRunner.run(ParentRunner.java:363) [junit-4.12.jar:4.12]
	at org.springframework.test.context.junit4.SpringJUnit4ClassRunner.run(SpringJUnit4ClassRunner.java:193) [spring-test-4.2.6.RELEASE.jar:4.2.6.RELEASE]
	at org.apache.maven.surefire.junit4.JUnit4Provider.execute(JUnit4Provider.java:283) [surefire-junit4-2.18.1.jar:2.18.1]
	at org.apache.maven.surefire.junit4.JUnit4Provider.executeWithRerun(JUnit4Provider.java:173) [surefire-junit4-2.18.1.jar:2.18.1]
	at org.apache.maven.surefire.junit4.JUnit4Provider.executeTestSet(JUnit4Provider.java:153) [surefire-junit4-2.18.1.jar:2.18.1]
	at org.apache.maven.surefire.junit4.JUnit4Provider.invoke(JUnit4Provider.java:128) [surefire-junit4-2.18.1.jar:2.18.1]
	at org.apache.maven.surefire.booter.ForkedBooter.invokeProviderInSameClassLoader(ForkedBooter.java:203) [surefire-booter-2.18.1.jar:2.18.1]
	at org.apache.maven.surefire.booter.ForkedBooter.runSuitesInProcess(ForkedBooter.java:155) [surefire-booter-2.18.1.jar:2.18.1]
	at org.apache.maven.surefire.booter.ForkedBooter.main(ForkedBooter.java:103) [surefire-booter-2.18.1.jar:2.18.1]
Caused by: org.springframework.context.ApplicationContextException: Failed to start bean 'topicCreator'; nested exception is org.I0Itec.zkclient.exception.ZkTimeoutException: Unable to connect to zookeeper server within timeout: 10000
	at org.springframework.context.support.DefaultLifecycleProcessor.doStart(DefaultLifecycleProcessor.java:176) ~[spring-context-4.2.6.RELEASE.jar:4.2.6.RELEASE]
	at org.springframework.context.support.DefaultLifecycleProcessor.access$200(DefaultLifecycleProcessor.java:51) ~[spring-context-4.2.6.RELEASE.jar:4.2.6.RELEASE]
	at org.springframework.context.support.DefaultLifecycleProcessor$LifecycleGroup.start(DefaultLifecycleProcessor.java:346) ~[spring-context-4.2.6.RELEASE.jar:4.2.6.RELEASE]
	at org.springframework.context.support.DefaultLifecycleProcessor.startBeans(DefaultLifecycleProcessor.java:149) ~[spring-context-4.2.6.RELEASE.jar:4.2.6.RELEASE]
	at org.springframework.context.support.DefaultLifecycleProcessor.onRefresh(DefaultLifecycleProcessor.java:112) ~[spring-context-4.2.6.RELEASE.jar:4.2.6.RELEASE]
	at org.springframework.context.support.AbstractApplicationContext.finishRefresh(AbstractApplicationContext.java:852) ~[spring-context-4.2.6.RELEASE.jar:4.2.6.RELEASE]
	at org.springframework.context.support.AbstractApplicationContext.refresh(AbstractApplicationContext.java:541) ~[spring-context-4.2.6.RELEASE.jar:4.2.6.RELEASE]
	at org.springframework.boot.SpringApplication.refresh(SpringApplication.java:766) ~[spring-boot-1.3.5.RELEASE.jar:1.3.5.RELEASE]
	at org.springframework.boot.SpringApplication.createAndRefreshContext(SpringApplication.java:361) ~[spring-boot-1.3.5.RELEASE.jar:1.3.5.RELEASE]
	at org.springframework.boot.SpringApplication.run(SpringApplication.java:307) ~[spring-boot-1.3.5.RELEASE.jar:1.3.5.RELEASE]
	at org.springframework.boot.test.SpringApplicationContextLoader.loadContext(SpringApplicationContextLoader.java:98) ~[spring-boot-1.3.5.RELEASE.jar:1.3.5.RELEASE]
	at org.springframework.test.context.cache.DefaultCacheAwareContextLoaderDelegate.loadContextInternal(DefaultCacheAwareContextLoaderDelegate.java:98) ~[spring-test-4.2.6.RELEASE.jar:4.2.6.RELEASE]
	at org.springframework.test.context.cache.DefaultCacheAwareContextLoaderDelegate.loadContext(DefaultCacheAwareContextLoaderDelegate.java:116) ~[spring-test-4.2.6.RELEASE.jar:4.2.6.RELEASE]
	... 26 common frames omitted
Caused by: org.I0Itec.zkclient.exception.ZkTimeoutException: Unable to connect to zookeeper server within timeout: 10000
	at org.I0Itec.zkclient.ZkClient.connect(ZkClient.java:880) ~[zkclient-0.3.jar:0.3]
	at org.I0Itec.zkclient.ZkClient.<init>(ZkClient.java:98) ~[zkclient-0.3.jar:0.3]
	at org.I0Itec.zkclient.ZkClient.<init>(ZkClient.java:84) ~[zkclient-0.3.jar:0.3]
	at org.springframework.integration.kafka.util.TopicUtils.ensureTopicCreated(TopicUtils.java:79) ~[spring-integration-kafka-1.3.0.RELEASE.jar:na]
	at com.inventory.kafka.config.TopicCreator.start(TopicCreator.java:24) ~[classes/:na]
	at org.springframework.context.support.DefaultLifecycleProcessor.doStart(DefaultLifecycleProcessor.java:173) ~[spring-context-4.2.6.RELEASE.jar:4.2.6.RELEASE]
	... 38 common frames omitted

]]></system-out>
    <system-err><![CDATA[SLF4J: Class path contains multiple SLF4J bindings.
SLF4J: Found binding in [jar:file:/C:/Users/eko.j.manurung.GDN/.m2/repository/ch/qos/logback/logback-classic/1.1.7/logback-classic-1.1.7.jar!/org/slf4j/impl/StaticLoggerBinder.class]
SLF4J: Found binding in [jar:file:/C:/Users/eko.j.manurung.GDN/.m2/repository/org/slf4j/slf4j-log4j12/1.7.21/slf4j-log4j12-1.7.21.jar!/org/slf4j/impl/StaticLoggerBinder.class]
SLF4J: See http://www.slf4j.org/codes.html#multiple_bindings for an explanation.
SLF4J: Actual binding is of type [ch.qos.logback.classic.util.ContextSelectorStaticBinder]
]]></system-err>
  </testcase>
</testsuite>